<?xml version="1.0" encoding="UTF-8"?>
<testsuite name="study.web.IndexControllerTest" tests="1" skipped="0" failures="0" errors="0" timestamp="2021-04-03T11:47:07" hostname="yuhyeongmin-ui-MacBookPro-2.local" time="0.105">
  <properties/>
  <testcase name="메인페이지_로딩" classname="study.web.IndexControllerTest" time="0.105"/>
  <system-out><![CDATA[20:47:02.719 [Test worker] DEBUG org.springframework.test.context.junit4.SpringJUnit4ClassRunner - SpringJUnit4ClassRunner constructor called with [class study.web.IndexControllerTest]
20:47:02.725 [Test worker] DEBUG org.springframework.test.context.BootstrapUtils - Instantiating CacheAwareContextLoaderDelegate from class [org.springframework.test.context.cache.DefaultCacheAwareContextLoaderDelegate]
20:47:02.730 [Test worker] DEBUG org.springframework.test.context.BootstrapUtils - Instantiating BootstrapContext using constructor [public org.springframework.test.context.support.DefaultBootstrapContext(java.lang.Class,org.springframework.test.context.CacheAwareContextLoaderDelegate)]
20:47:02.742 [Test worker] DEBUG org.springframework.test.context.BootstrapUtils - Instantiating TestContextBootstrapper for test class [study.web.IndexControllerTest] from class [org.springframework.boot.test.context.SpringBootTestContextBootstrapper]
20:47:02.747 [Test worker] INFO org.springframework.boot.test.context.SpringBootTestContextBootstrapper - Neither @ContextConfiguration nor @ContextHierarchy found for test class [study.web.IndexControllerTest], using SpringBootContextLoader
20:47:02.749 [Test worker] DEBUG org.springframework.test.context.support.AbstractContextLoader - Did not detect default resource location for test class [study.web.IndexControllerTest]: class path resource [study/web/IndexControllerTest-context.xml] does not exist
20:47:02.750 [Test worker] DEBUG org.springframework.test.context.support.AbstractContextLoader - Did not detect default resource location for test class [study.web.IndexControllerTest]: class path resource [study/web/IndexControllerTestContext.groovy] does not exist
20:47:02.750 [Test worker] INFO org.springframework.test.context.support.AbstractContextLoader - Could not detect default resource locations for test class [study.web.IndexControllerTest]: no resource found for suffixes {-context.xml, Context.groovy}.
20:47:02.750 [Test worker] INFO org.springframework.test.context.support.AnnotationConfigContextLoaderUtils - Could not detect default configuration classes for test class [study.web.IndexControllerTest]: IndexControllerTest does not declare any static, non-private, non-final, nested classes annotated with @Configuration.
20:47:02.785 [Test worker] DEBUG org.springframework.test.context.support.ActiveProfilesUtils - Could not find an 'annotation declaring class' for annotation type [org.springframework.test.context.ActiveProfiles] and class [study.web.IndexControllerTest]
20:47:02.855 [Test worker] DEBUG org.springframework.context.annotation.ClassPathScanningCandidateComponentProvider - Identified candidate component class: file [/Users/yoohyungmin/Desktop/spring-boot-project/build/classes/java/main/study/Application.class]
20:47:02.856 [Test worker] INFO org.springframework.boot.test.context.SpringBootTestContextBootstrapper - Found @SpringBootConfiguration study.Application for test class study.web.IndexControllerTest
20:47:02.924 [Test worker] DEBUG org.springframework.boot.test.context.SpringBootTestContextBootstrapper - @TestExecutionListeners is not present for class [study.web.IndexControllerTest]: using defaults.
20:47:02.925 [Test worker] INFO org.springframework.boot.test.context.SpringBootTestContextBootstrapper - Loaded default TestExecutionListener class names from location [META-INF/spring.factories]: [org.springframework.security.test.context.support.WithSecurityContextTestExecutionListener, org.springframework.security.test.context.support.ReactorContextTestExecutionListener, org.springframework.boot.test.autoconfigure.restdocs.RestDocsTestExecutionListener, org.springframework.boot.test.autoconfigure.web.client.MockRestServiceServerResetTestExecutionListener, org.springframework.boot.test.autoconfigure.web.servlet.MockMvcPrintOnlyOnFailureTestExecutionListener, org.springframework.boot.test.autoconfigure.web.servlet.WebDriverTestExecutionListener, org.springframework.boot.test.mock.mockito.MockitoTestExecutionListener, org.springframework.boot.test.mock.mockito.ResetMocksTestExecutionListener, org.springframework.test.context.web.ServletTestExecutionListener, org.springframework.test.context.support.DirtiesContextBeforeModesTestExecutionListener, org.springframework.test.context.support.DependencyInjectionTestExecutionListener, org.springframework.test.context.support.DirtiesContextTestExecutionListener, org.springframework.test.context.transaction.TransactionalTestExecutionListener, org.springframework.test.context.jdbc.SqlScriptsTestExecutionListener]
20:47:02.946 [Test worker] INFO org.springframework.boot.test.context.SpringBootTestContextBootstrapper - Using TestExecutionListeners: [org.springframework.test.context.web.ServletTestExecutionListener@74c08b67, org.springframework.test.context.support.DirtiesContextBeforeModesTestExecutionListener@54c4a094, org.springframework.boot.test.mock.mockito.MockitoTestExecutionListener@93ceee3, org.springframework.boot.test.autoconfigure.SpringBootDependencyInjectionTestExecutionListener@3e62e75, org.springframework.test.context.support.DirtiesContextTestExecutionListener@730d06dd, org.springframework.test.context.transaction.TransactionalTestExecutionListener@23cc828, org.springframework.test.context.jdbc.SqlScriptsTestExecutionListener@6c19657a, org.springframework.security.test.context.support.WithSecurityContextTestExecutionListener@5ebe6b0a, org.springframework.security.test.context.support.ReactorContextTestExecutionListener@459ea5ee, org.springframework.boot.test.autoconfigure.restdocs.RestDocsTestExecutionListener@218748fd, org.springframework.boot.test.autoconfigure.web.client.MockRestServiceServerResetTestExecutionListener@692db02, org.springframework.boot.test.autoconfigure.web.servlet.MockMvcPrintOnlyOnFailureTestExecutionListener@2b5916e1, org.springframework.boot.test.autoconfigure.web.servlet.WebDriverTestExecutionListener@1bd867b1, org.springframework.boot.test.mock.mockito.ResetMocksTestExecutionListener@831497]
20:47:02.948 [Test worker] DEBUG org.springframework.test.annotation.ProfileValueUtils - Retrieved @ProfileValueSourceConfiguration [null] for test class [study.web.IndexControllerTest]
20:47:02.948 [Test worker] DEBUG org.springframework.test.annotation.ProfileValueUtils - Retrieved ProfileValueSource type [class org.springframework.test.annotation.SystemProfileValueSource] for class [study.web.IndexControllerTest]
20:47:02.949 [Test worker] DEBUG org.springframework.test.annotation.ProfileValueUtils - Retrieved @ProfileValueSourceConfiguration [null] for test class [study.web.IndexControllerTest]
20:47:02.949 [Test worker] DEBUG org.springframework.test.annotation.ProfileValueUtils - Retrieved ProfileValueSource type [class org.springframework.test.annotation.SystemProfileValueSource] for class [study.web.IndexControllerTest]
20:47:02.952 [Test worker] DEBUG org.springframework.test.context.support.AbstractDirtiesContextTestExecutionListener - Before test class: context [DefaultTestContext@8b7b264 testClass = IndexControllerTest, testInstance = [null], testMethod = [null], testException = [null], mergedContextConfiguration = [WebMergedContextConfiguration@6bbf835 testClass = IndexControllerTest, locations = '{}', classes = '{class study.Application}', contextInitializerClasses = '[]', activeProfiles = '{}', propertySourceLocations = '{}', propertySourceProperties = '{org.springframework.boot.test.context.SpringBootTestContextBootstrapper=true, server.port=0}', contextCustomizers = set[org.springframework.boot.test.autoconfigure.properties.PropertyMappingContextCustomizer@0, org.springframework.boot.test.autoconfigure.web.servlet.WebDriverContextCustomizerFactory$Customizer@5f8a55e1, org.springframework.boot.test.context.filter.ExcludeFilterContextCustomizer@52630832, org.springframework.boot.test.json.DuplicateJsonObjectContextCustomizerFactory$DuplicateJsonObjectContextCustomizer@5ab443ab, org.springframework.boot.test.mock.mockito.MockitoContextCustomizer@0, org.springframework.boot.test.web.client.TestRestTemplateContextCustomizer@3974cea6], resourceBasePath = 'src/main/webapp', contextLoader = 'org.springframework.boot.test.context.SpringBootContextLoader', parent = [null]], attributes = map['org.springframework.test.context.web.ServletTestExecutionListener.activateListener' -> false]], class annotated with @DirtiesContext [false] with mode [null].
20:47:02.952 [Test worker] DEBUG org.springframework.test.annotation.ProfileValueUtils - Retrieved @ProfileValueSourceConfiguration [null] for test class [study.web.IndexControllerTest]
20:47:02.953 [Test worker] DEBUG org.springframework.test.annotation.ProfileValueUtils - Retrieved ProfileValueSource type [class org.springframework.test.annotation.SystemProfileValueSource] for class [study.web.IndexControllerTest]
20:47:02.955 [Test worker] DEBUG org.springframework.test.context.support.DependencyInjectionTestExecutionListener - Performing dependency injection for test context [[DefaultTestContext@8b7b264 testClass = IndexControllerTest, testInstance = study.web.IndexControllerTest@ea7da79, testMethod = [null], testException = [null], mergedContextConfiguration = [WebMergedContextConfiguration@6bbf835 testClass = IndexControllerTest, locations = '{}', classes = '{class study.Application}', contextInitializerClasses = '[]', activeProfiles = '{}', propertySourceLocations = '{}', propertySourceProperties = '{org.springframework.boot.test.context.SpringBootTestContextBootstrapper=true, server.port=0}', contextCustomizers = set[org.springframework.boot.test.autoconfigure.properties.PropertyMappingContextCustomizer@0, org.springframework.boot.test.autoconfigure.web.servlet.WebDriverContextCustomizerFactory$Customizer@5f8a55e1, org.springframework.boot.test.context.filter.ExcludeFilterContextCustomizer@52630832, org.springframework.boot.test.json.DuplicateJsonObjectContextCustomizerFactory$DuplicateJsonObjectContextCustomizer@5ab443ab, org.springframework.boot.test.mock.mockito.MockitoContextCustomizer@0, org.springframework.boot.test.web.client.TestRestTemplateContextCustomizer@3974cea6], resourceBasePath = 'src/main/webapp', contextLoader = 'org.springframework.boot.test.context.SpringBootContextLoader', parent = [null]], attributes = map['org.springframework.test.context.web.ServletTestExecutionListener.activateListener' -> false]]].
20:47:02.968 [Test worker] DEBUG org.springframework.test.context.support.TestPropertySourceUtils - Adding inlined properties to environment: {spring.jmx.enabled=false, org.springframework.boot.test.context.SpringBootTestContextBootstrapper=true, server.port=0}

  .   ____          _            __ _ _
 /\\ / ___'_ __ _ _(_)_ __  __ _ \ \ \ \
( ( )\___ | '_ | '_| | '_ \/ _` | \ \ \ \
 \\/  ___)| |_)| | | | | || (_| |  ) ) ) )
  '  |____| .__|_| |_|_| |_\__, | / / / /
 =========|_|==============|___/=/_/_/_/
 :: Spring Boot ::        (v2.1.7.RELEASE)

2021-04-03 20:47:03.175  INFO 3113 --- [    Test worker] study.web.IndexControllerTest            : Starting IndexControllerTest on yuhyeongmin-ui-MacBookPro-2.local with PID 3113 (started by yoohyungmin in /Users/yoohyungmin/Desktop/spring-boot-project)
2021-04-03 20:47:03.177  INFO 3113 --- [    Test worker] study.web.IndexControllerTest            : The following profiles are active: oauth
2021-04-03 20:47:03.714  INFO 3113 --- [    Test worker] .s.d.r.c.RepositoryConfigurationDelegate : Bootstrapping Spring Data repositories in DEFAULT mode.
2021-04-03 20:47:03.781  INFO 3113 --- [    Test worker] .s.d.r.c.RepositoryConfigurationDelegate : Finished Spring Data repository scanning in 59ms. Found 2 repository interfaces.
2021-04-03 20:47:04.142  INFO 3113 --- [    Test worker] trationDelegate$BeanPostProcessorChecker : Bean 'org.springframework.transaction.annotation.ProxyTransactionManagementConfiguration' of type [org.springframework.transaction.annotation.ProxyTransactionManagementConfiguration$$EnhancerBySpringCGLIB$$68f538a] is not eligible for getting processed by all BeanPostProcessors (for example: not eligible for auto-proxying)
2021-04-03 20:47:04.439  INFO 3113 --- [    Test worker] o.s.b.w.embedded.tomcat.TomcatWebServer  : Tomcat initialized with port(s): 0 (http)
2021-04-03 20:47:04.457  INFO 3113 --- [    Test worker] o.apache.catalina.core.StandardService   : Starting service [Tomcat]
2021-04-03 20:47:04.458  INFO 3113 --- [    Test worker] org.apache.catalina.core.StandardEngine  : Starting Servlet engine: [Apache Tomcat/9.0.22]
2021-04-03 20:47:04.538  INFO 3113 --- [    Test worker] o.a.c.c.C.[Tomcat].[localhost].[/]       : Initializing Spring embedded WebApplicationContext
2021-04-03 20:47:04.538  INFO 3113 --- [    Test worker] o.s.web.context.ContextLoader            : Root WebApplicationContext: initialization completed in 1343 ms
2021-04-03 20:47:04.756  INFO 3113 --- [    Test worker] com.zaxxer.hikari.HikariDataSource       : sa - Starting...
2021-04-03 20:47:04.884  INFO 3113 --- [    Test worker] com.zaxxer.hikari.HikariDataSource       : sa - Start completed.
2021-04-03 20:47:04.966  INFO 3113 --- [    Test worker] o.hibernate.jpa.internal.util.LogHelper  : HHH000204: Processing PersistenceUnitInfo [
	name: default
	...]
2021-04-03 20:47:05.020  INFO 3113 --- [    Test worker] org.hibernate.Version                    : HHH000412: Hibernate Core {5.3.10.Final}
2021-04-03 20:47:05.021  INFO 3113 --- [    Test worker] org.hibernate.cfg.Environment            : HHH000206: hibernate.properties not found
2021-04-03 20:47:05.131  INFO 3113 --- [    Test worker] o.hibernate.annotations.common.Version   : HCANN000001: Hibernate Commons Annotations {5.0.4.Final}
2021-04-03 20:47:05.248  INFO 3113 --- [    Test worker] org.hibernate.dialect.Dialect            : HHH000400: Using dialect: org.hibernate.dialect.H2Dialect
Hibernate: drop table posts if exists
Hibernate: drop table users if exists
Hibernate: create table posts (id bigint generated by default as identity, create_date timestamp, modified_date timestamp, author varchar(255), content TEXT not null, title varchar(500) not null, primary key (id))
Hibernate: create table users (id bigint generated by default as identity, email varchar(255) not null, name varchar(255) not null, picture varchar(255), role varchar(255) not null, primary key (id))
2021-04-03 20:47:05.837  INFO 3113 --- [    Test worker] o.h.t.schema.internal.SchemaCreatorImpl  : HHH000476: Executing import script 'org.hibernate.tool.schema.internal.exec.ScriptSourceInputNonExistentImpl@157fa1a5'
2021-04-03 20:47:05.841  INFO 3113 --- [    Test worker] j.LocalContainerEntityManagerFactoryBean : Initialized JPA EntityManagerFactory for persistence unit 'default'
2021-04-03 20:47:06.596  INFO 3113 --- [    Test worker] o.h.h.i.QueryTranslatorFactoryInitiator  : HHH000397: Using ASTQueryTranslatorFactory
2021-04-03 20:47:06.919  INFO 3113 --- [    Test worker] o.s.s.web.DefaultSecurityFilterChain     : Creating filter chain: any request, [org.springframework.security.web.context.request.async.WebAsyncManagerIntegrationFilter@48971a28, org.springframework.security.web.context.SecurityContextPersistenceFilter@443ec680, org.springframework.security.web.header.HeaderWriterFilter@5f43f72f, org.springframework.security.web.authentication.logout.LogoutFilter@479c8d1e, org.springframework.security.oauth2.client.web.OAuth2AuthorizationRequestRedirectFilter@4a295255, org.springframework.security.oauth2.client.web.OAuth2LoginAuthenticationFilter@aab9a6f, org.springframework.security.web.authentication.ui.DefaultLoginPageGeneratingFilter@2553af78, org.springframework.security.web.authentication.ui.DefaultLogoutPageGeneratingFilter@7ff97c61, org.springframework.security.web.savedrequest.RequestCacheAwareFilter@5ad83161, org.springframework.security.web.servletapi.SecurityContextHolderAwareRequestFilter@344127d3, org.springframework.security.web.authentication.AnonymousAuthenticationFilter@28d2d301, org.springframework.security.web.session.SessionManagementFilter@62ef8b09, org.springframework.security.web.access.ExceptionTranslationFilter@622eae5, org.springframework.security.web.access.intercept.FilterSecurityInterceptor@3cff9960]
2021-04-03 20:47:07.191  INFO 3113 --- [    Test worker] o.s.s.concurrent.ThreadPoolTaskExecutor  : Initializing ExecutorService 'applicationTaskExecutor'
2021-04-03 20:47:07.244  WARN 3113 --- [    Test worker] aWebConfiguration$JpaWebMvcConfiguration : spring.jpa.open-in-view is enabled by default. Therefore, database queries may be performed during view rendering. Explicitly configure spring.jpa.open-in-view to disable this warning
2021-04-03 20:47:07.287  INFO 3113 --- [    Test worker] o.s.b.a.w.s.WelcomePageHandlerMapping    : Adding welcome page template: index
2021-04-03 20:47:07.559  INFO 3113 --- [    Test worker] s.a.ScheduledAnnotationBeanPostProcessor : No TaskScheduler/ScheduledExecutorService bean found for scheduled processing
2021-04-03 20:47:07.589  INFO 3113 --- [    Test worker] o.s.b.w.embedded.tomcat.TomcatWebServer  : Tomcat started on port(s): 50041 (http) with context path ''
2021-04-03 20:47:07.591  INFO 3113 --- [    Test worker] study.web.IndexControllerTest            : Started IndexControllerTest in 4.623 seconds (JVM running for 5.324)
2021-04-03 20:47:07.640  INFO 3113 --- [    Test worker] o.a.c.c.C.[Tomcat].[localhost].[/]       : Initializing Spring TestDispatcherServlet ''
2021-04-03 20:47:07.640  INFO 3113 --- [    Test worker] o.s.t.web.servlet.TestDispatcherServlet  : Initializing Servlet ''
2021-04-03 20:47:07.650  INFO 3113 --- [    Test worker] o.s.t.web.servlet.TestDispatcherServlet  : Completed initialization in 10 ms
]]></system-out>
  <system-err><![CDATA[]]></system-err>
</testsuite>
