<?xml version="1.0" encoding="UTF-8"?>
<testsuite name="study.web.IndexControllerTest" tests="1" skipped="0" failures="0" errors="0" timestamp="2021-03-03T14:53:29" hostname="yuhyeongmin-ui-MacBookPro.local" time="0.052">
  <properties/>
  <testcase name="메인페이지_로딩" classname="study.web.IndexControllerTest" time="0.052"/>
  <system-out><![CDATA[23:53:24.174 [Test worker] DEBUG org.springframework.test.context.junit4.SpringJUnit4ClassRunner - SpringJUnit4ClassRunner constructor called with [class study.web.IndexControllerTest]
23:53:24.180 [Test worker] DEBUG org.springframework.test.context.BootstrapUtils - Instantiating CacheAwareContextLoaderDelegate from class [org.springframework.test.context.cache.DefaultCacheAwareContextLoaderDelegate]
23:53:24.185 [Test worker] DEBUG org.springframework.test.context.BootstrapUtils - Instantiating BootstrapContext using constructor [public org.springframework.test.context.support.DefaultBootstrapContext(java.lang.Class,org.springframework.test.context.CacheAwareContextLoaderDelegate)]
23:53:24.199 [Test worker] DEBUG org.springframework.test.context.BootstrapUtils - Instantiating TestContextBootstrapper for test class [study.web.IndexControllerTest] from class [org.springframework.boot.test.context.SpringBootTestContextBootstrapper]
23:53:24.209 [Test worker] INFO org.springframework.boot.test.context.SpringBootTestContextBootstrapper - Neither @ContextConfiguration nor @ContextHierarchy found for test class [study.web.IndexControllerTest], using SpringBootContextLoader
23:53:24.212 [Test worker] DEBUG org.springframework.test.context.support.AbstractContextLoader - Did not detect default resource location for test class [study.web.IndexControllerTest]: class path resource [study/web/IndexControllerTest-context.xml] does not exist
23:53:24.212 [Test worker] DEBUG org.springframework.test.context.support.AbstractContextLoader - Did not detect default resource location for test class [study.web.IndexControllerTest]: class path resource [study/web/IndexControllerTestContext.groovy] does not exist
23:53:24.213 [Test worker] INFO org.springframework.test.context.support.AbstractContextLoader - Could not detect default resource locations for test class [study.web.IndexControllerTest]: no resource found for suffixes {-context.xml, Context.groovy}.
23:53:24.213 [Test worker] INFO org.springframework.test.context.support.AnnotationConfigContextLoaderUtils - Could not detect default configuration classes for test class [study.web.IndexControllerTest]: IndexControllerTest does not declare any static, non-private, non-final, nested classes annotated with @Configuration.
23:53:24.246 [Test worker] DEBUG org.springframework.test.context.support.ActiveProfilesUtils - Could not find an 'annotation declaring class' for annotation type [org.springframework.test.context.ActiveProfiles] and class [study.web.IndexControllerTest]
23:53:24.306 [Test worker] DEBUG org.springframework.context.annotation.ClassPathScanningCandidateComponentProvider - Identified candidate component class: file [/Users/yoohyungmin/Desktop/spring-boot-project/build/classes/java/main/study/Application.class]
23:53:24.306 [Test worker] INFO org.springframework.boot.test.context.SpringBootTestContextBootstrapper - Found @SpringBootConfiguration study.Application for test class study.web.IndexControllerTest
23:53:24.381 [Test worker] DEBUG org.springframework.boot.test.context.SpringBootTestContextBootstrapper - @TestExecutionListeners is not present for class [study.web.IndexControllerTest]: using defaults.
23:53:24.382 [Test worker] INFO org.springframework.boot.test.context.SpringBootTestContextBootstrapper - Loaded default TestExecutionListener class names from location [META-INF/spring.factories]: [org.springframework.boot.test.autoconfigure.restdocs.RestDocsTestExecutionListener, org.springframework.boot.test.autoconfigure.web.client.MockRestServiceServerResetTestExecutionListener, org.springframework.boot.test.autoconfigure.web.servlet.MockMvcPrintOnlyOnFailureTestExecutionListener, org.springframework.boot.test.autoconfigure.web.servlet.WebDriverTestExecutionListener, org.springframework.boot.test.mock.mockito.MockitoTestExecutionListener, org.springframework.boot.test.mock.mockito.ResetMocksTestExecutionListener, org.springframework.test.context.web.ServletTestExecutionListener, org.springframework.test.context.support.DirtiesContextBeforeModesTestExecutionListener, org.springframework.test.context.support.DependencyInjectionTestExecutionListener, org.springframework.test.context.support.DirtiesContextTestExecutionListener, org.springframework.test.context.transaction.TransactionalTestExecutionListener, org.springframework.test.context.jdbc.SqlScriptsTestExecutionListener]
23:53:24.396 [Test worker] INFO org.springframework.boot.test.context.SpringBootTestContextBootstrapper - Using TestExecutionListeners: [org.springframework.test.context.web.ServletTestExecutionListener@50de31e, org.springframework.test.context.support.DirtiesContextBeforeModesTestExecutionListener@5aefa168, org.springframework.boot.test.mock.mockito.MockitoTestExecutionListener@7efc2dd7, org.springframework.boot.test.autoconfigure.SpringBootDependencyInjectionTestExecutionListener@16e8ff95, org.springframework.test.context.support.DirtiesContextTestExecutionListener@7c97fb45, org.springframework.test.context.transaction.TransactionalTestExecutionListener@5bd4f15e, org.springframework.test.context.jdbc.SqlScriptsTestExecutionListener@44d9ed66, org.springframework.boot.test.autoconfigure.restdocs.RestDocsTestExecutionListener@159ca63f, org.springframework.boot.test.autoconfigure.web.client.MockRestServiceServerResetTestExecutionListener@56123a1a, org.springframework.boot.test.autoconfigure.web.servlet.MockMvcPrintOnlyOnFailureTestExecutionListener@2a307f87, org.springframework.boot.test.autoconfigure.web.servlet.WebDriverTestExecutionListener@2109057a, org.springframework.boot.test.mock.mockito.ResetMocksTestExecutionListener@5154f23a]
23:53:24.404 [Test worker] DEBUG org.springframework.test.annotation.ProfileValueUtils - Retrieved @ProfileValueSourceConfiguration [null] for test class [study.web.IndexControllerTest]
23:53:24.404 [Test worker] DEBUG org.springframework.test.annotation.ProfileValueUtils - Retrieved ProfileValueSource type [class org.springframework.test.annotation.SystemProfileValueSource] for class [study.web.IndexControllerTest]
23:53:24.405 [Test worker] DEBUG org.springframework.test.annotation.ProfileValueUtils - Retrieved @ProfileValueSourceConfiguration [null] for test class [study.web.IndexControllerTest]
23:53:24.405 [Test worker] DEBUG org.springframework.test.annotation.ProfileValueUtils - Retrieved ProfileValueSource type [class org.springframework.test.annotation.SystemProfileValueSource] for class [study.web.IndexControllerTest]
23:53:24.408 [Test worker] DEBUG org.springframework.test.context.support.AbstractDirtiesContextTestExecutionListener - Before test class: context [DefaultTestContext@40e86136 testClass = IndexControllerTest, testInstance = [null], testMethod = [null], testException = [null], mergedContextConfiguration = [WebMergedContextConfiguration@846a788 testClass = IndexControllerTest, locations = '{}', classes = '{class study.Application}', contextInitializerClasses = '[]', activeProfiles = '{}', propertySourceLocations = '{}', propertySourceProperties = '{org.springframework.boot.test.context.SpringBootTestContextBootstrapper=true, server.port=0}', contextCustomizers = set[org.springframework.boot.test.autoconfigure.properties.PropertyMappingContextCustomizer@0, org.springframework.boot.test.autoconfigure.web.servlet.WebDriverContextCustomizerFactory$Customizer@58ef7a69, org.springframework.boot.test.context.filter.ExcludeFilterContextCustomizer@4e72b732, org.springframework.boot.test.json.DuplicateJsonObjectContextCustomizerFactory$DuplicateJsonObjectContextCustomizer@4db4753a, org.springframework.boot.test.mock.mockito.MockitoContextCustomizer@0, org.springframework.boot.test.web.client.TestRestTemplateContextCustomizer@7e251b9a], resourceBasePath = 'src/main/webapp', contextLoader = 'org.springframework.boot.test.context.SpringBootContextLoader', parent = [null]], attributes = map['org.springframework.test.context.web.ServletTestExecutionListener.activateListener' -> false]], class annotated with @DirtiesContext [false] with mode [null].
23:53:24.409 [Test worker] DEBUG org.springframework.test.annotation.ProfileValueUtils - Retrieved @ProfileValueSourceConfiguration [null] for test class [study.web.IndexControllerTest]
23:53:24.409 [Test worker] DEBUG org.springframework.test.annotation.ProfileValueUtils - Retrieved ProfileValueSource type [class org.springframework.test.annotation.SystemProfileValueSource] for class [study.web.IndexControllerTest]
23:53:24.412 [Test worker] DEBUG org.springframework.test.context.support.DependencyInjectionTestExecutionListener - Performing dependency injection for test context [[DefaultTestContext@40e86136 testClass = IndexControllerTest, testInstance = study.web.IndexControllerTest@37f9bf53, testMethod = [null], testException = [null], mergedContextConfiguration = [WebMergedContextConfiguration@846a788 testClass = IndexControllerTest, locations = '{}', classes = '{class study.Application}', contextInitializerClasses = '[]', activeProfiles = '{}', propertySourceLocations = '{}', propertySourceProperties = '{org.springframework.boot.test.context.SpringBootTestContextBootstrapper=true, server.port=0}', contextCustomizers = set[org.springframework.boot.test.autoconfigure.properties.PropertyMappingContextCustomizer@0, org.springframework.boot.test.autoconfigure.web.servlet.WebDriverContextCustomizerFactory$Customizer@58ef7a69, org.springframework.boot.test.context.filter.ExcludeFilterContextCustomizer@4e72b732, org.springframework.boot.test.json.DuplicateJsonObjectContextCustomizerFactory$DuplicateJsonObjectContextCustomizer@4db4753a, org.springframework.boot.test.mock.mockito.MockitoContextCustomizer@0, org.springframework.boot.test.web.client.TestRestTemplateContextCustomizer@7e251b9a], resourceBasePath = 'src/main/webapp', contextLoader = 'org.springframework.boot.test.context.SpringBootContextLoader', parent = [null]], attributes = map['org.springframework.test.context.web.ServletTestExecutionListener.activateListener' -> false]]].
23:53:24.428 [Test worker] DEBUG org.springframework.test.context.support.TestPropertySourceUtils - Adding inlined properties to environment: {spring.jmx.enabled=false, org.springframework.boot.test.context.SpringBootTestContextBootstrapper=true, server.port=0}

  .   ____          _            __ _ _
 /\\ / ___'_ __ _ _(_)_ __  __ _ \ \ \ \
( ( )\___ | '_ | '_| | '_ \/ _` | \ \ \ \
 \\/  ___)| |_)| | | | | || (_| |  ) ) ) )
  '  |____| .__|_| |_|_| |_\__, | / / / /
 =========|_|==============|___/=/_/_/_/
 :: Spring Boot ::        (v2.1.7.RELEASE)

2021-03-03 23:53:24.626  INFO 13002 --- [    Test worker] study.web.IndexControllerTest            : Starting IndexControllerTest on yuhyeongmin-ui-MacBookPro.local with PID 13002 (started by yoohyungmin in /Users/yoohyungmin/Desktop/spring-boot-project)
2021-03-03 23:53:24.627  INFO 13002 --- [    Test worker] study.web.IndexControllerTest            : The following profiles are active: oauth
2021-03-03 23:53:25.207  INFO 13002 --- [    Test worker] .s.d.r.c.RepositoryConfigurationDelegate : Bootstrapping Spring Data repositories in DEFAULT mode.
2021-03-03 23:53:25.278  INFO 13002 --- [    Test worker] .s.d.r.c.RepositoryConfigurationDelegate : Finished Spring Data repository scanning in 63ms. Found 2 repository interfaces.
2021-03-03 23:53:25.687  INFO 13002 --- [    Test worker] trationDelegate$BeanPostProcessorChecker : Bean 'org.springframework.transaction.annotation.ProxyTransactionManagementConfiguration' of type [org.springframework.transaction.annotation.ProxyTransactionManagementConfiguration$$EnhancerBySpringCGLIB$$d432dda4] is not eligible for getting processed by all BeanPostProcessors (for example: not eligible for auto-proxying)
2021-03-03 23:53:26.006  INFO 13002 --- [    Test worker] o.s.b.w.embedded.tomcat.TomcatWebServer  : Tomcat initialized with port(s): 0 (http)
2021-03-03 23:53:26.028  INFO 13002 --- [    Test worker] o.apache.catalina.core.StandardService   : Starting service [Tomcat]
2021-03-03 23:53:26.028  INFO 13002 --- [    Test worker] org.apache.catalina.core.StandardEngine  : Starting Servlet engine: [Apache Tomcat/9.0.22]
2021-03-03 23:53:26.119  INFO 13002 --- [    Test worker] o.a.c.c.C.[Tomcat].[localhost].[/]       : Initializing Spring embedded WebApplicationContext
2021-03-03 23:53:26.119  INFO 13002 --- [    Test worker] o.s.web.context.ContextLoader            : Root WebApplicationContext: initialization completed in 1477 ms
2021-03-03 23:53:26.340  INFO 13002 --- [    Test worker] com.zaxxer.hikari.HikariDataSource       : sa - Starting...
2021-03-03 23:53:26.477  INFO 13002 --- [    Test worker] com.zaxxer.hikari.HikariDataSource       : sa - Start completed.
2021-03-03 23:53:26.571  INFO 13002 --- [    Test worker] o.hibernate.jpa.internal.util.LogHelper  : HHH000204: Processing PersistenceUnitInfo [
	name: default
	...]
2021-03-03 23:53:26.627  INFO 13002 --- [    Test worker] org.hibernate.Version                    : HHH000412: Hibernate Core {5.3.10.Final}
2021-03-03 23:53:26.629  INFO 13002 --- [    Test worker] org.hibernate.cfg.Environment            : HHH000206: hibernate.properties not found
2021-03-03 23:53:26.739  INFO 13002 --- [    Test worker] o.hibernate.annotations.common.Version   : HCANN000001: Hibernate Commons Annotations {5.0.4.Final}
2021-03-03 23:53:26.866  INFO 13002 --- [    Test worker] org.hibernate.dialect.Dialect            : HHH000400: Using dialect: org.hibernate.dialect.H2Dialect
Hibernate: drop table posts if exists
Hibernate: drop table user if exists
Hibernate: create table posts (id bigint generated by default as identity, create_date timestamp, modified_date timestamp, author varchar(255), content TEXT not null, title varchar(500) not null, primary key (id))
Hibernate: create table user (id bigint generated by default as identity, email varchar(255) not null, name varchar(255) not null, picture varchar(255), role varchar(255) not null, primary key (id))
2021-03-03 23:53:27.531  INFO 13002 --- [    Test worker] o.h.t.schema.internal.SchemaCreatorImpl  : HHH000476: Executing import script 'org.hibernate.tool.schema.internal.exec.ScriptSourceInputNonExistentImpl@65d6f454'
2021-03-03 23:53:27.534  INFO 13002 --- [    Test worker] j.LocalContainerEntityManagerFactoryBean : Initialized JPA EntityManagerFactory for persistence unit 'default'
2021-03-03 23:53:28.372  INFO 13002 --- [    Test worker] o.h.h.i.QueryTranslatorFactoryInitiator  : HHH000397: Using ASTQueryTranslatorFactory
2021-03-03 23:53:28.703  INFO 13002 --- [    Test worker] o.s.s.web.DefaultSecurityFilterChain     : Creating filter chain: any request, [org.springframework.security.web.context.request.async.WebAsyncManagerIntegrationFilter@716aa911, org.springframework.security.web.context.SecurityContextPersistenceFilter@79539e5a, org.springframework.security.web.header.HeaderWriterFilter@2e6c8232, org.springframework.security.web.authentication.logout.LogoutFilter@4a8e1675, org.springframework.security.oauth2.client.web.OAuth2AuthorizationRequestRedirectFilter@2e0a836b, org.springframework.security.oauth2.client.web.OAuth2LoginAuthenticationFilter@5e8d3aeb, org.springframework.security.web.authentication.ui.DefaultLoginPageGeneratingFilter@10d67f49, org.springframework.security.web.authentication.ui.DefaultLogoutPageGeneratingFilter@59be1326, org.springframework.security.web.savedrequest.RequestCacheAwareFilter@50dd43f1, org.springframework.security.web.servletapi.SecurityContextHolderAwareRequestFilter@6ab417ef, org.springframework.security.web.authentication.AnonymousAuthenticationFilter@1543bf36, org.springframework.security.web.session.SessionManagementFilter@42a9ed57, org.springframework.security.web.access.ExceptionTranslationFilter@755c09ed, org.springframework.security.web.access.intercept.FilterSecurityInterceptor@1407eaed]
2021-03-03 23:53:28.987  INFO 13002 --- [    Test worker] o.s.s.concurrent.ThreadPoolTaskExecutor  : Initializing ExecutorService 'applicationTaskExecutor'
2021-03-03 23:53:29.034  WARN 13002 --- [    Test worker] aWebConfiguration$JpaWebMvcConfiguration : spring.jpa.open-in-view is enabled by default. Therefore, database queries may be performed during view rendering. Explicitly configure spring.jpa.open-in-view to disable this warning
2021-03-03 23:53:29.073  INFO 13002 --- [    Test worker] o.s.b.a.w.s.WelcomePageHandlerMapping    : Adding welcome page template: index
2021-03-03 23:53:29.349  INFO 13002 --- [    Test worker] s.a.ScheduledAnnotationBeanPostProcessor : No TaskScheduler/ScheduledExecutorService bean found for scheduled processing
2021-03-03 23:53:29.373  INFO 13002 --- [    Test worker] o.s.b.w.embedded.tomcat.TomcatWebServer  : Tomcat started on port(s): 51299 (http) with context path ''
2021-03-03 23:53:29.376  INFO 13002 --- [    Test worker] study.web.IndexControllerTest            : Started IndexControllerTest in 4.946 seconds (JVM running for 5.711)
]]></system-out>
  <system-err><![CDATA[]]></system-err>
</testsuite>
